# JRE version: OpenJDK Runtime Environment (8.0_242-b01) (build 1.8.0_242-release-1644-b01)
# Java VM: OpenJDK 64-Bit Server VM (25.242-b01 mixed mode windows-amd64 compressed oops)
Heap:
 PSYoungGen      total 512512K, used 405072K [0x00000000d5580000, 0x0000000100000000, 0x0000000100000000)
  eden space 354816K, 74% used [0x00000000d5580000,0x00000000e58524f8,0x00000000eb000000)
  from space 157696K, 88% used [0x00000000f5e00000,0x00000000fe6c1d20,0x00000000ff800000)
  to   space 172032K, 0% used [0x00000000eb000000,0x00000000eb000000,0x00000000f5800000)
 ParOldGen       total 246784K, used 110135K [0x0000000080000000, 0x000000008f100000, 0x00000000d5580000)
  object space 246784K, 44% used [0x0000000080000000,0x0000000086b8dc78,0x000000008f100000)
 Metaspace       used 207176K, capacity 215704K, committed 215848K, reserved 1239040K
  class space    used 24368K, capacity 25814K, committed 25904K, reserved 1048576K
GC Heap History (10 events):
Event: 4161.715 GC heap before
{Heap before GC invocations=39 (full 5):
 PSYoungGen      total 496128K, used 496090K [0x00000000d5580000, 0x0000000100000000, 0x0000000100000000)
  eden space 404992K, 100% used [0x00000000d5580000,0x00000000ee100000,0x00000000ee100000)
  from space 91136K, 99% used [0x00000000ee100000,0x00000000f39f6a88,0x00000000f3a00000)
  to   space 147968K, 0% used [0x00000000f6f80000,0x00000000f6f80000,0x0000000100000000)
 ParOldGen       total 246784K, used 110103K [0x0000000080000000, 0x000000008f100000, 0x00000000d5580000)
  object space 246784K, 44% used [0x0000000080000000,0x0000000086b85c78,0x000000008f100000)
 Metaspace       used 191742K, capacity 198668K, committed 198952K, reserved 1224704K
  class space    used 22602K, capacity 23838K, committed 23856K, reserved 1048576K
Event: 4161.880 GC heap after
Heap after GC invocations=39 (full 5):
 PSYoungGen      total 514048K, used 139394K [0x00000000d5580000, 0x0000000100000000, 0x0000000100000000)
  eden space 366080K, 0% used [0x00000000d5580000,0x00000000d5580000,0x00000000ebb00000)
  from space 147968K, 94% used [0x00000000f6f80000,0x00000000ff7a0b28,0x0000000100000000)
  to   space 166400K, 0% used [0x00000000ebb00000,0x00000000ebb00000,0x00000000f5d80000)
 ParOldGen       total 246784K, used 110111K [0x0000000080000000, 0x000000008f100000, 0x00000000d5580000)
  object space 246784K, 44% used [0x0000000080000000,0x0000000086b87c78,0x000000008f100000)
 Metaspace       used 191742K, capacity 198668K, committed 198952K, reserved 1224704K
  class space    used 22602K, capacity 23838K, committed 23856K, reserved 1048576K
}
Event: 5733.351 GC heap before
{Heap before GC invocations=40 (full 5):
 PSYoungGen      total 514048K, used 505474K [0x00000000d5580000, 0x0000000100000000, 0x0000000100000000)
  eden space 366080K, 100% used [0x00000000d5580000,0x00000000ebb00000,0x00000000ebb00000)
  from space 147968K, 94% used [0x00000000f6f80000,0x00000000ff7a0b28,0x0000000100000000)
  to   space 166400K, 0% used [0x00000000ebb00000,0x00000000ebb00000,0x00000000f5d80000)
 ParOldGen       total 246784K, used 110111K [0x0000000080000000, 0x000000008f100000, 0x00000000d5580000)
  object space 246784K, 44% used [0x0000000080000000,0x0000000086b87c78,0x000000008f100000)
 Metaspace       used 191841K, capacity 198686K, committed 198952K, reserved 1224704K
  class space    used 22606K, capacity 23841K, committed 23856K, reserved 1048576K
Event: 5733.464 GC heap after
Heap after GC invocations=40 (full 5):
 PSYoungGen      total 532480K, used 93688K [0x00000000d5580000, 0x0000000100000000, 0x0000000100000000)
  eden space 366080K, 0% used [0x00000000d5580000,0x00000000d5580000,0x00000000ebb00000)
  from space 166400K, 56% used [0x00000000ebb00000,0x00000000f167e218,0x00000000f5d80000)
  to   space 163840K, 0% used [0x00000000f6000000,0x00000000f6000000,0x0000000100000000)
 ParOldGen       total 246784K, used 110119K [0x0000000080000000, 0x000000008f100000, 0x00000000d5580000)
  object space 246784K, 44% used [0x0000000080000000,0x0000000086b89c78,0x000000008f100000)
 Metaspace       used 191841K, capacity 198686K, committed 198952K, reserved 1224704K
  class space    used 22606K, capacity 23841K, committed 23856K, reserved 1048576K
}
Event: 5741.507 GC heap before
{Heap before GC invocations=41 (full 5):
 PSYoungGen      total 532480K, used 459768K [0x00000000d5580000, 0x0000000100000000, 0x0000000100000000)
  eden space 366080K, 100% used [0x00000000d5580000,0x00000000ebb00000,0x00000000ebb00000)
  from space 166400K, 56% used [0x00000000ebb00000,0x00000000f167e218,0x00000000f5d80000)
  to   space 163840K, 0% used [0x00000000f6000000,0x00000000f6000000,0x0000000100000000)
 ParOldGen       total 246784K, used 110119K [0x0000000080000000, 0x000000008f100000, 0x00000000d5580000)
  object space 246784K, 44% used [0x0000000080000000,0x0000000086b89c78,0x000000008f100000)
 Metaspace       used 198924K, capacity 205826K, committed 206120K, reserved 1230848K
  class space    used 23375K, capacity 24621K, committed 24624K, reserved 1048576K
Event: 5741.657 GC heap after
Heap after GC invocations=41 (full 5):
 PSYoungGen      total 528896K, used 99180K [0x00000000d5580000, 0x00000000ffc80000, 0x0000000100000000)
  eden space 368640K, 0% used [0x00000000d5580000,0x00000000d5580000,0x00000000ebd80000)
  from space 160256K, 61% used [0x00000000f6000000,0x00000000fc0db050,0x00000000ffc80000)
  to   space 163328K, 0% used [0x00000000ebd80000,0x00000000ebd80000,0x00000000f5d00000)
 ParOldGen       total 246784K, used 110127K [0x0000000080000000, 0x000000008f100000, 0x00000000d5580000)
  object space 246784K, 44% used [0x0000000080000000,0x0000000086b8bc78,0x000000008f100000)
 Metaspace       used 198924K, capacity 205826K, committed 206120K, reserved 1230848K
  class space    used 23375K, capacity 24621K, committed 24624K, reserved 1048576K
}
Event: 5880.497 GC heap before
{Heap before GC invocations=42 (full 5):
 PSYoungGen      total 528896K, used 467820K [0x00000000d5580000, 0x00000000ffc80000, 0x0000000100000000)
  eden space 368640K, 100% used [0x00000000d5580000,0x00000000ebd80000,0x00000000ebd80000)
  from space 160256K, 61% used [0x00000000f6000000,0x00000000fc0db050,0x00000000ffc80000)
  to   space 163328K, 0% used [0x00000000ebd80000,0x00000000ebd80000,0x00000000f5d00000)
 ParOldGen       total 246784K, used 110127K [0x0000000080000000, 0x000000008f100000, 0x00000000d5580000)
  object space 246784K, 44% used [0x0000000080000000,0x0000000086b8bc78,0x000000008f100000)
 Metaspace       used 199926K, capacity 208264K, committed 208296K, reserved 1232896K
  class space    used 23572K, capacity 24984K, committed 25008K, reserved 1048576K
Event: 5880.612 GC heap after
Heap after GC invocations=42 (full 5):
 PSYoungGen      total 531968K, used 86724K [0x00000000d5580000, 0x00000000ff800000, 0x0000000100000000)
  eden space 368640K, 0% used [0x00000000d5580000,0x00000000d5580000,0x00000000ebd80000)
  from space 163328K, 53% used [0x00000000ebd80000,0x00000000f12312b8,0x00000000f5d00000)
  to   space 157696K, 0% used [0x00000000f5e00000,0x00000000f5e00000,0x00000000ff800000)
 ParOldGen       total 246784K, used 110135K [0x0000000080000000, 0x000000008f100000, 0x00000000d5580000)
  object space 246784K, 44% used [0x0000000080000000,0x0000000086b8dc78,0x000000008f100000)
 Metaspace       used 199926K, capacity 208264K, committed 208296K, reserved 1232896K
  class space    used 23572K, capacity 24984K, committed 25008K, reserved 1048576K
}
Event: 5885.266 GC heap before
{Heap before GC invocations=43 (full 5):
 PSYoungGen      total 531968K, used 455364K [0x00000000d5580000, 0x00000000ff800000, 0x0000000100000000)
  eden space 368640K, 100% used [0x00000000d5580000,0x00000000ebd80000,0x00000000ebd80000)
  from space 163328K, 53% used [0x00000000ebd80000,0x00000000f12312b8,0x00000000f5d00000)
  to   space 157696K, 0% used [0x00000000f5e00000,0x00000000f5e00000,0x00000000ff800000)
 ParOldGen       total 246784K, used 110135K [0x0000000080000000, 0x000000008f100000, 0x00000000d5580000)
  object space 246784K, 44% used [0x0000000080000000,0x0000000086b8dc78,0x000000008f100000)
 Metaspace       used 207137K, capacity 215698K, committed 215848K, reserved 1239040K
  class space    used 24367K, capacity 25813K, committed 25904K, reserved 1048576K
Event: 5885.449 GC heap after
Heap after GC invocations=43 (full 5):
 PSYoungGen      total 512512K, used 140039K [0x00000000d5580000, 0x0000000100000000, 0x0000000100000000)
  eden space 354816K, 0% used [0x00000000d5580000,0x00000000d5580000,0x00000000eb000000)
  from space 157696K, 88% used [0x00000000f5e00000,0x00000000fe6c1d20,0x00000000ff800000)
  to   space 172032K, 0% used [0x00000000eb000000,0x00000000eb000000,0x00000000f5800000)
 ParOldGen       total 246784K, used 110135K [0x0000000080000000, 0x000000008f100000, 0x00000000d5580000)
  object space 246784K, 44% used [0x0000000080000000,0x0000000086b8dc78,0x000000008f100000)
 Metaspace       used 207137K, capacity 215698K, committed 215848K, reserved 1239040K
  class space    used 24367K, capacity 25813K, committed 25904K, reserved 1048576K
}

